<?xml version="1.0" encoding="UTF-8"?>
<!-- Generated by org.testng.reporters.JUnitReportReporter -->
<testsuite skipped="0" hostname="DESKTOP-PACIA8O" name="com.offlineWebsiteTest.OfflineTest" tests="2" failures="0" timestamp="15 Mar 2020 05:46:18 GMT" time="4.144" errors="0">
  <testcase name="test02_addUser" time="1.704" classname="com.offlineWebsiteTest.OfflineTest"/>
  <testcase name="test01_login" time="2.440" classname="com.offlineWebsiteTest.OfflineTest"/>
</testsuite> <!-- com.offlineWebsiteTest.OfflineTest -->
